Compiling the C compiler identification source file "CMakeCCompilerId.c" failed.
Compiler: /usr/bin/clang 
Build flags: 
Id flags:  

The output was:
1
clang: error: no such file or directory: 'CMakeCCompilerId.c'
clang: error: no input files


Compiling the CXX compiler identification source file "CMakeCXXCompilerId.cpp" failed.
Compiler: /usr/bin/clang++ 
Build flags: 
Id flags:  

The output was:
1
/usr/bin/ld: cannot open output file a.out: No such file or directory
clang: error: linker command failed with exit code 1 (use -v to see invocation)


Compiling the CXX compiler identification source file "CMakeCXXCompilerId.cpp" failed.
Compiler: /usr/bin/clang++ 
Build flags: 
Id flags:  

The output was:
1
clang: error: no such file or directory: 'CMakeCXXCompilerId.cpp'
clang: error: no input files


Compiling the CXX compiler identification source file "CMakeCXXCompilerId.cpp" failed.
Compiler: /usr/bin/clang++ 
Build flags: 
Id flags: -c 

The output was:
1
clang: error: no such file or directory: 'CMakeCXXCompilerId.cpp'
clang: error: no input files


Compiling the CXX compiler identification source file "CMakeCXXCompilerId.cpp" failed.
Compiler: /usr/bin/clang++ 
Build flags: 
Id flags: -c 

The output was:
1
clang: error: no such file or directory: 'CMakeCXXCompilerId.cpp'
clang: error: no input files


Compiling the CXX compiler identification source file "CMakeCXXCompilerId.cpp" failed.
Compiler: /usr/bin/clang++ 
Build flags: 
Id flags: --c++ 

The output was:
1
clang: error: unsupported option '--c++'
clang: error: no such file or directory: 'CMakeCXXCompilerId.cpp'
clang: error: no input files


Compiling the CXX compiler identification source file "CMakeCXXCompilerId.cpp" failed.
Compiler: /usr/bin/clang++ 
Build flags: 
Id flags: --c++ 

The output was:
1
clang: error: unsupported option '--c++'
clang: error: no such file or directory: 'CMakeCXXCompilerId.cpp'
clang: error: no input files


Compiling the CXX compiler identification source file "CMakeCXXCompilerId.cpp" failed.
Compiler: /usr/bin/clang++ 
Build flags: 
Id flags: --ec++ 

The output was:
1
clang: error: unsupported option '--ec++'
clang: error: no such file or directory: 'CMakeCXXCompilerId.cpp'
clang: error: no input files


Compiling the CXX compiler identification source file "CMakeCXXCompilerId.cpp" failed.
Compiler: /usr/bin/clang++ 
Build flags: 
Id flags: --ec++ 

The output was:
1
clang: error: unsupported option '--ec++'
clang: error: no such file or directory: 'CMakeCXXCompilerId.cpp'
clang: error: no input files


Compiling the CXX compiler identification source file "CMakeCXXCompilerId.cpp" failed.
Compiler: /usr/bin/clang++ 
Build flags: 
Id flags: --target=arm-arm-none-eabi;-mcpu=cortex-m3 

The output was:
1
clang: error: no such file or directory: 'CMakeCXXCompilerId.cpp'
clang: error: no input files


Compiling the CXX compiler identification source file "CMakeCXXCompilerId.cpp" failed.
Compiler: /usr/bin/clang++ 
Build flags: 
Id flags: --target=arm-arm-none-eabi;-mcpu=cortex-m3 

The output was:
1
clang: error: no such file or directory: 'CMakeCXXCompilerId.cpp'
clang: error: no input files


Compiling the CXX compiler identification source file "CMakeCXXCompilerId.cpp" failed.
Compiler: /usr/bin/clang++ 
Build flags: 
Id flags: -c;-I__does_not_exist__ 

The output was:
1
clang: error: no such file or directory: 'CMakeCXXCompilerId.cpp'
clang: error: no input files


Compiling the CXX compiler identification source file "CMakeCXXCompilerId.cpp" failed.
Compiler: /usr/bin/clang++ 
Build flags: 
Id flags: -c;-I__does_not_exist__ 

The output was:
1
clang: error: no such file or directory: 'CMakeCXXCompilerId.cpp'
clang: error: no input files


Compiling the CXX compiler identification source file "CMakeCXXCompilerId.cpp" failed.
Compiler: /usr/bin/clang++ 
Build flags: 
Id flags:  

The output was:
1
clang: error: no such file or directory: 'CMakeCXXCompilerId.cpp'
clang: error: no input files


Compiling the CXX compiler identification source file "CMakeCXXCompilerId.cpp" failed.
Compiler: /usr/bin/clang++ 
Build flags: 
Id flags:  

The output was:
1
clang: error: no such file or directory: 'CMakeCXXCompilerId.cpp'
clang: error: no input files


Compiling the CXX compiler identification source file "CMakeCXXCompilerId.cpp" failed.
Compiler: /usr/bin/clang++ 
Build flags: 
Id flags: -c 

The output was:
1
clang: error: no such file or directory: 'CMakeCXXCompilerId.cpp'
clang: error: no input files


Compiling the CXX compiler identification source file "CMakeCXXCompilerId.cpp" failed.
Compiler: /usr/bin/clang++ 
Build flags: 
Id flags: -c 

The output was:
1
clang: error: no such file or directory: 'CMakeCXXCompilerId.cpp'
clang: error: no input files


Compiling the CXX compiler identification source file "CMakeCXXCompilerId.cpp" failed.
Compiler: /usr/bin/clang++ 
Build flags: 
Id flags: --c++ 

The output was:
1
clang: error: unsupported option '--c++'
clang: error: no such file or directory: 'CMakeCXXCompilerId.cpp'
clang: error: no input files


Compiling the CXX compiler identification source file "CMakeCXXCompilerId.cpp" failed.
Compiler: /usr/bin/clang++ 
Build flags: 
Id flags: --c++ 

The output was:
1
clang: error: unsupported option '--c++'


Compiling the CXX compiler identification source file "CMakeCXXCompilerId.cpp" failed.
Compiler: /usr/bin/clang++ 
Build flags: 
Id flags: --ec++ 

The output was:
1
clang: error: unsupported option '--ec++'
clang: error: no such file or directory: 'CMakeCXXCompilerId.cpp'
clang: error: no input files


Compiling the CXX compiler identification source file "CMakeCXXCompilerId.cpp" failed.
Compiler: /usr/bin/clang++ 
Build flags: 
Id flags: --ec++ 

The output was:
1
clang: error: unsupported option '--ec++'
clang: error: no such file or directory: 'CMakeCXXCompilerId.cpp'
clang: error: no input files


Compiling the CXX compiler identification source file "CMakeCXXCompilerId.cpp" failed.
Compiler: /usr/bin/clang++ 
Build flags: 
Id flags: --target=arm-arm-none-eabi;-mcpu=cortex-m3 

The output was:
1
error: error reading 'CMakeCXXCompilerId.cpp'
1 error generated.


Compiling the CXX compiler identification source file "CMakeCXXCompilerId.cpp" failed.
Compiler: /usr/bin/clang++ 
Build flags: 
Id flags: --target=arm-arm-none-eabi;-mcpu=cortex-m3 

The output was:
1
error: error reading 'CMakeCXXCompilerId.cpp'
1 error generated.


Compiling the CXX compiler identification source file "CMakeCXXCompilerId.cpp" failed.
Compiler: /usr/bin/clang++ 
Build flags: 
Id flags: -c;-I__does_not_exist__ 

The output was:
1
clang: error: no such file or directory: 'CMakeCXXCompilerId.cpp'
clang: error: no input files


Checking whether the CXX compiler is IAR using "" did not match "IAR .+ Compiler":
clang: error: no input files
Checking whether the CXX compiler is IAR using "" did not match "IAR .+ Compiler":
clang: error: no input files
Detecting C compiler ABI info failed to compile with the following output:
Change Dir: /home/q/dev/imgui-refactored/sdl-opengl/build/CMakeFiles/CMakeTmp

Run Build Command(s):/usr/bin/ninja cmTC_45198 && [1/2] Building C object CMakeFiles/cmTC_45198.dir/CMakeCCompilerABI.c.o
Ubuntu clang version 14.0.0-1ubuntu1
Target: x86_64-pc-linux-gnu
Thread model: posix
InstalledDir: /usr/bin
Found candidate GCC installation: /usr/bin/../lib/gcc/x86_64-linux-gnu/11
Selected GCC installation: /usr/bin/../lib/gcc/x86_64-linux-gnu/11
Candidate multilib: .;@m64
Selected multilib: .;@m64
 (in-process)
 "/usr/lib/llvm-14/bin/clang" -cc1 -triple x86_64-pc-linux-gnu -emit-obj -mrelax-all --mrelax-relocations -disable-free -clear-ast-before-backend -disable-llvm-verifier -discard-value-names -main-file-name CMakeCCompilerABI.c -mrelocation-model pic -pic-level 2 -pic-is-pie -mframe-pointer=all -fmath-errno -ffp-contract=on -fno-rounding-math -mconstructor-aliases -funwind-tables=2 -target-cpu x86-64 -tune-cpu generic -mllvm -treat-scalable-fixed-error-as-warning -debugger-tuning=gdb -v -fcoverage-compilation-dir=/home/q/dev/imgui-refactored/sdl-opengl/build/CMakeFiles/CMakeTmp -resource-dir /usr/lib/llvm-14/lib/clang/14.0.0 -dependency-file CMakeFiles/cmTC_45198.dir/CMakeCCompilerABI.c.o.d -MT CMakeFiles/cmTC_45198.dir/CMakeCCompilerABI.c.o -sys-header-deps -internal-isystem /usr/lib/llvm-14/lib/clang/14.0.0/include -internal-isystem /usr/local/include -internal-isystem /usr/bin/../lib/gcc/x86_64-linux-gnu/11/../../../../x86_64-linux-gnu/include -internal-externc-isystem /usr/include/x86_64-linux-gnu -internal-externc-isystem /include -internal-externc-isystem /usr/include -fdebug-compilation-dir=/home/q/dev/imgui-refactored/sdl-opengl/build/CMakeFiles/CMakeTmp -ferror-limit 19 -fgnuc-version=4.2.1 -faddrsig -D__GCC_HAVE_DWARF2_CFI_ASM=1 -o CMakeFiles/cmTC_45198.dir/CMakeCCompilerABI.c.o -x c /usr/share/cmake-3.22/Modules/CMakeCCompilerABI.c
clang -cc1 version 14.0.0 based upon LLVM 14.0.0 default target x86_64-pc-linux-gnu
ignoring nonexistent directory "/usr/bin/../lib/gcc/x86_64-linux-gnu/11/../../../../x86_64-linux-gnu/include"
ignoring nonexistent directory "/include"
#include "..." search starts here:
#include <...> search starts here:
 /usr/lib/llvm-14/lib/clang/14.0.0/include
 /usr/local/include
 /usr/include/x86_64-linux-gnu
 /usr/include
End of search list.
[2/2] Linking C executable cmTC_45198
FAILED: cmTC_45198 
: && /usr/bin/clang  -v CMakeFiles/cmTC_45198.dir/CMakeCCompilerABI.c.o -o cmTC_45198   && :
Ubuntu clang version 14.0.0-1ubuntu1
Target: x86_64-pc-linux-gnu
Thread model: posix
InstalledDir: /usr/bin
Found candidate GCC installation: /usr/bin/../lib/gcc/x86_64-linux-gnu/11
Selected GCC installation: /usr/bin/../lib/gcc/x86_64-linux-gnu/11
Candidate multilib: .;@m64
Selected multilib: .;@m64
clang: error: no such file or directory: 'CMakeFiles/cmTC_45198.dir/CMakeCCompilerABI.c.o'
ninja: build stopped: subcommand failed.




Detecting CXX compiler ABI info failed to compile with the following output:
Change Dir: /home/q/dev/imgui-refactored/sdl-opengl/build/CMakeFiles/CMakeTmp

Run Build Command(s):/usr/bin/ninja-build cmTC_09a3c && ninja: error: unknown target 'cmTC_09a3c'




Determining if the C compiler works failed with the following output:
Change Dir: /home/q/dev/imgui-refactored/sdl-opengl/build/CMakeFiles/CMakeTmp

Run Build Command(s):/usr/bin/ninja cmTC_7d4ee && ninja: error: loading 'build.ninja': No such file or directory



Compiling the C compiler identification source file "CMakeCCompilerId.c" failed.
Compiler: /usr/bin/clang 
Build flags: 
Id flags:  

The output was:
1
clang: error: no such file or directory: 'CMakeCCompilerId.c'
clang: error: no input files


Compiling the C compiler identification source file "CMakeCCompilerId.c" failed.
Compiler: /usr/bin/clang 
Build flags: 
Id flags:  

The output was:
1
clang: error: no such file or directory: 'CMakeCCompilerId.c'
clang: error: no input files


Compiling the C compiler identification source file "CMakeCCompilerId.c" failed.
Compiler: /usr/bin/clang 
Build flags: 
Id flags: -c 

The output was:
1
clang: error: no such file or directory: 'CMakeCCompilerId.c'
clang: error: no input files


Compiling the C compiler identification source file "CMakeCCompilerId.c" failed.
Compiler: /usr/bin/clang 
Build flags: 
Id flags: -c 

The output was:
1
clang: error: no such file or directory: 'CMakeCCompilerId.c'
clang: error: no input files


Compiling the C compiler identification source file "CMakeCCompilerId.c" failed.
Compiler: /usr/bin/clang 
Build flags: 
Id flags: -Aa 

The output was:
1
clang: error: no such file or directory: 'CMakeCCompilerId.c'
clang: error: no input files


Compiling the C compiler identification source file "CMakeCCompilerId.c" failed.
Compiler: /usr/bin/clang 
Build flags: 
Id flags: -Aa 

The output was:
1
clang: error: no such file or directory: 'CMakeCCompilerId.c'
clang: error: no input files


Compiling the C compiler identification source file "CMakeCCompilerId.c" failed.
Compiler: /usr/bin/clang 
Build flags: 
Id flags: -D__CLASSIC_C__ 

The output was:
1
clang: error: no such file or directory: 'CMakeCCompilerId.c'
clang: error: no input files


Compiling the C compiler identification source file "CMakeCCompilerId.c" failed.
Compiler: /usr/bin/clang 
Build flags: 
Id flags: -D__CLASSIC_C__ 

The output was:
1
clang: error: no such file or directory: 'CMakeCCompilerId.c'
clang: error: no input files


Compiling the C compiler identification source file "CMakeCCompilerId.c" failed.
Compiler: /usr/bin/clang 
Build flags: 
Id flags: --target=arm-arm-none-eabi;-mcpu=cortex-m3 

The output was:
1
clang: error: no such file or directory: 'CMakeCCompilerId.c'
clang: error: no input files


Compiling the C compiler identification source file "CMakeCCompilerId.c" failed.
Compiler: /usr/bin/clang 
Build flags: 
Id flags: --target=arm-arm-none-eabi;-mcpu=cortex-m3 

The output was:
1
clang: error: no such file or directory: 'CMakeCCompilerId.c'
clang: error: no input files


Compiling the C compiler identification source file "CMakeCCompilerId.c" failed.
Compiler: /usr/bin/clang 
Build flags: 
Id flags: -c;-I__does_not_exist__ 

The output was:
1
clang: error: no such file or directory: 'CMakeCCompilerId.c'
clang: error: no input files


Compiling the C compiler identification source file "CMakeCCompilerId.c" failed.
Compiler: /usr/bin/clang 
Build flags: 
Id flags: -c;-I__does_not_exist__ 

The output was:
1
clang: error: no such file or directory: 'CMakeCCompilerId.c'
clang: error: no input files


Compiling the C compiler identification source file "CMakeCCompilerId.c" failed.
Compiler: /usr/bin/clang 
Build flags: 
Id flags:  

The output was:
1
clang: error: no such file or directory: 'CMakeCCompilerId.c'
clang: error: no input files


Compiling the C compiler identification source file "CMakeCCompilerId.c" failed.
Compiler: /usr/bin/clang 
Build flags: 
Id flags:  

The output was:
1
clang: error: no such file or directory: 'CMakeCCompilerId.c'
clang: error: no input files


Compiling the C compiler identification source file "CMakeCCompilerId.c" failed.
Compiler: /usr/bin/clang 
Build flags: 
Id flags: -c 

The output was:
1
clang: error: no such file or directory: 'CMakeCCompilerId.c'
clang: error: no input files


Compiling the C compiler identification source file "CMakeCCompilerId.c" failed.
Compiler: /usr/bin/clang 
Build flags: 
Id flags: -c 

The output was:
1
clang: error: no such file or directory: 'CMakeCCompilerId.c'
clang: error: no input files


Compiling the C compiler identification source file "CMakeCCompilerId.c" failed.
Compiler: /usr/bin/clang 
Build flags: 
Id flags: -Aa 

The output was:
1
clang: error: no such file or directory: 'CMakeCCompilerId.c'
clang: error: no input files


Compiling the C compiler identification source file "CMakeCCompilerId.c" failed.
Compiler: /usr/bin/clang 
Build flags: 
Id flags: -Aa 

The output was:
1
clang: error: no such file or directory: 'CMakeCCompilerId.c'
clang: error: no input files


Compiling the C compiler identification source file "CMakeCCompilerId.c" failed.
Compiler: /usr/bin/clang 
Build flags: 
Id flags: -D__CLASSIC_C__ 

The output was:
1
clang: error: no such file or directory: 'CMakeCCompilerId.c'
clang: error: no input files


Compiling the C compiler identification source file "CMakeCCompilerId.c" failed.
Compiler: /usr/bin/clang 
Build flags: 
Id flags: -D__CLASSIC_C__ 

The output was:
1
clang: error: no such file or directory: 'CMakeCCompilerId.c'
clang: error: no input files


Compiling the C compiler identification source file "CMakeCCompilerId.c" failed.
Compiler: /usr/bin/clang 
Build flags: 
Id flags: --target=arm-arm-none-eabi;-mcpu=cortex-m3 

The output was:
1
clang: error: no such file or directory: 'CMakeCCompilerId.c'
clang: error: no input files


Compiling the C compiler identification source file "CMakeCCompilerId.c" failed.
Compiler: /usr/bin/clang 
Build flags: 
Id flags: --target=arm-arm-none-eabi;-mcpu=cortex-m3 

The output was:
1
clang: error: no such file or directory: 'CMakeCCompilerId.c'
clang: error: no input files


Compiling the C compiler identification source file "CMakeCCompilerId.c" failed.
Compiler: /usr/bin/clang 
Build flags: 
Id flags: -c;-I__does_not_exist__ 

The output was:
1
clang: error: no such file or directory: 'CMakeCCompilerId.c'
clang: error: no input files


Checking whether the C compiler is IAR using "" did not match "IAR .+ Compiler":
clang: error: no input files
Checking whether the C compiler is IAR using "" did not match "IAR .+ Compiler":
clang: error: no input files
Compiling the CXX compiler identification source file "CMakeCXXCompilerId.cpp" failed.
Compiler: /usr/bin/clang++ 
Build flags: 
Id flags:  

The output was:
1
error: error reading 'CMakeCXXCompilerId.cpp'
1 error generated.


Compiling the CXX compiler identification source file "CMakeCXXCompilerId.cpp" failed.
Compiler: /usr/bin/clang++ 
Build flags: 
Id flags:  

The output was:
1
clang: error: no such file or directory: 'CMakeCXXCompilerId.cpp'
clang: error: no input files


The CXX compiler identification could not be found in "/home/q/dev/imgui-refactored/sdl-opengl/build/CMakeFiles/3.22.1/CompilerIdCXX/CMakeCXXCompilerId-91cf3174.o.tmp"

Detecting C compiler ABI info failed to compile with the following output:
Change Dir: /home/q/dev/imgui-refactored/sdl-opengl/build/CMakeFiles/CMakeTmp

Run Build Command(s):/usr/bin/ninja-build cmTC_120e5 && ninja: error: unknown target 'cmTC_120e5'




Detecting C compiler ABI info failed to compile with the following output:
Change Dir: /home/q/dev/imgui-refactored/sdl-opengl/build/CMakeFiles/CMakeTmp

Run Build Command(s):/usr/bin/ninja cmTC_386d4 && ninja: error: build.ninja:30: loading 'CMakeFiles/rules.ninja': No such file or directory
include CMakeFiles/rules.ninja
                              ^ near here




